<?xml version="1.0" encoding="UTF-8"?>
<testsuite xmlns:xsi="http://www.w3.org/2001/XMLSchema-instance" xsi:noNamespaceSchemaLocation="https://maven.apache.org/surefire/maven-surefire-plugin/xsd/surefire-test-report-3.0.xsd" version="3.0" name="Test" time="0.022" tests="13" errors="0" skipped="0" failures="0">
  <properties>
    <property name="java.specification.version" value="20"/>
    <property name="sun.jnu.encoding" value="UTF-8"/>
    <property name="java.class.path" value="/Users/boonak/Desktop/Updated Resume/Nerversit Test/boon-worayut-neversitup/target/test-classes:/Users/boonak/Desktop/Updated Resume/Nerversit Test/boon-worayut-neversitup/target/classes:"/>
    <property name="java.vm.vendor" value="Eclipse Adoptium"/>
    <property name="sun.arch.data.model" value="64"/>
    <property name="java.vendor.url" value="https://adoptium.net/"/>
    <property name="os.name" value="Mac OS X"/>
    <property name="java.vm.specification.version" value="20"/>
    <property name="user.country" value="TH"/>
    <property name="sun.java.launcher" value="SUN_STANDARD"/>
    <property name="sun.boot.library.path" value="/Library/Java/JavaVirtualMachines/temurin-20.jdk/Contents/Home/lib"/>
    <property name="sun.java.command" value="/Users/boonak/Desktop/Updated Resume/Nerversit Test/boon-worayut-neversitup/target/surefire/surefirebooter-20231118151842764_3.jar /Users/boonak/Desktop/Updated Resume/Nerversit Test/boon-worayut-neversitup/target/surefire 2023-11-18T15-18-42_667-jvmRun1 surefire-20231118151842764_1tmp surefire_0-20231118151842764_2tmp"/>
    <property name="http.nonProxyHosts" value="local|*.local|169.254/16|*.169.254/16"/>
    <property name="jdk.debug" value="release"/>
    <property name="test" value="Test"/>
    <property name="surefire.test.class.path" value="/Users/boonak/Desktop/Updated Resume/Nerversit Test/boon-worayut-neversitup/target/test-classes:/Users/boonak/Desktop/Updated Resume/Nerversit Test/boon-worayut-neversitup/target/classes:"/>
    <property name="sun.cpu.endian" value="little"/>
    <property name="user.home" value="/Users/boonak"/>
    <property name="user.language" value="en"/>
    <property name="java.specification.vendor" value="Oracle Corporation"/>
    <property name="java.version.date" value="2023-07-18"/>
    <property name="java.home" value="/Library/Java/JavaVirtualMachines/temurin-20.jdk/Contents/Home"/>
    <property name="file.separator" value="/"/>
    <property name="basedir" value="/Users/boonak/Desktop/Updated Resume/Nerversit Test/boon-worayut-neversitup"/>
    <property name="java.vm.compressedOopsMode" value="Zero based"/>
    <property name="line.separator" value="&#10;"/>
    <property name="java.vm.specification.vendor" value="Oracle Corporation"/>
    <property name="java.specification.name" value="Java Platform API Specification"/>
    <property name="apple.awt.application.name" value="ForkedBooter"/>
    <property name="surefire.real.class.path" value="/Users/boonak/Desktop/Updated Resume/Nerversit Test/boon-worayut-neversitup/target/surefire/surefirebooter-20231118151842764_3.jar"/>
    <property name="sun.management.compiler" value="HotSpot 64-Bit Tiered Compilers"/>
    <property name="ftp.nonProxyHosts" value="local|*.local|169.254/16|*.169.254/16"/>
    <property name="java.runtime.version" value="20.0.2+9"/>
    <property name="user.name" value="boonak"/>
    <property name="stdout.encoding" value="UTF-8"/>
    <property name="path.separator" value=":"/>
    <property name="os.version" value="12.3"/>
    <property name="java.runtime.name" value="OpenJDK Runtime Environment"/>
    <property name="file.encoding" value="UTF-8"/>
    <property name="java.vm.name" value="OpenJDK 64-Bit Server VM"/>
    <property name="java.vendor.version" value="Temurin-20.0.2+9"/>
    <property name="maven.ext.class.path" value="/Applications/Apache NetBeans.app/Contents/Resources/netbeans/java/maven-nblib/netbeans-eventspy.jar"/>
    <property name="localRepository" value="/Users/boonak/.m2/repository"/>
    <property name="java.vendor.url.bug" value="https://github.com/adoptium/adoptium-support/issues"/>
    <property name="java.io.tmpdir" value="/var/folders/kq/8dq9h4994fb_41sdtwkcwy4c0000gn/T/"/>
    <property name="java.version" value="20.0.2"/>
    <property name="user.dir" value="/Users/boonak/Desktop/Updated Resume/Nerversit Test/boon-worayut-neversitup"/>
    <property name="os.arch" value="x86_64"/>
    <property name="java.vm.specification.name" value="Java Virtual Machine Specification"/>
    <property name="native.encoding" value="UTF-8"/>
    <property name="java.library.path" value="/Users/boonak/Library/Java/Extensions:/Library/Java/Extensions:/Network/Library/Java/Extensions:/System/Library/Java/Extensions:/usr/lib/java:."/>
    <property name="java.vm.info" value="mixed mode, sharing"/>
    <property name="stderr.encoding" value="UTF-8"/>
    <property name="java.vendor" value="Eclipse Adoptium"/>
    <property name="java.vm.version" value="20.0.2+9"/>
    <property name="sun.io.unicode.encoding" value="UnicodeBig"/>
    <property name="socksNonProxyHosts" value="local|*.local|169.254/16|*.169.254/16"/>
    <property name="java.class.version" value="64.0"/>
  </properties>
  <testcase name="Test.test1_permutation()" classname="Test" time="0.0"/>
  <testcase name="Test.test2_permutation()" classname="Test" time="0.008"/>
  <testcase name="Test.test3_permutation()" classname="Test" time="0.001"/>
  <testcase name="Test.test4_permutation()" classname="Test" time="0.001"/>
  <testcase name="Test.test1_findOods()" classname="Test" time="0.001"/>
  <testcase name="Test.test2_findOods()" classname="Test" time="0.0"/>
  <testcase name="Test.test3_findOods()" classname="Test" time="0.0"/>
  <testcase name="Test.test4_findOods()" classname="Test" time="0.001"/>
  <testcase name="Test.test5_findOods()" classname="Test" time="0.0"/>
  <testcase name="Test.test1_countSmileys()" classname="Test" time="0.001"/>
  <testcase name="Test.test2_countSmileys()" classname="Test" time="0.001"/>
  <testcase name="Test.test3_countSmileys()" classname="Test" time="0.0"/>
  <testcase name="Test.test4_countSmileys()" classname="Test" time="0.0"/>
</testsuite>